<?xml version="1.0" encoding="UTF-8"?>
<testng-results skipped="0" failed="0" ignored="0" total="1" passed="1">
  <reporter-output>
  </reporter-output>
  <suite name="Sepa_Suite" duration-ms="7781" started-at="2019-01-24T17:30:32Z" finished-at="2019-01-24T17:30:39Z">
    <groups>
    </groups>
    <test name="Test" duration-ms="7781" started-at="2019-01-24T17:30:32Z" finished-at="2019-01-24T17:30:39Z">
      <class name="ergast_API_Test.getdriverlist">
        <test-method status="PASS" signature="getdriverdetails()[pri:0, instance:ergast_API_Test.getdriverlist@708f5957]" name="getdriverdetails" duration-ms="7718" started-at="2019-01-24T17:30:32Z" finished-at="2019-01-24T17:30:39Z">
          <reporter-output>
          </reporter-output>
        </test-method> <!-- getdriverdetails -->
      </class> <!-- ergast_API_Test.getdriverlist -->
    </test> <!-- Test -->
  </suite> <!-- Sepa_Suite -->
</testng-results>
